2017-08-18 10:31:13.7593|INFO|Microsoft.AspNetCore.Hosting.Internal.WebHost|Request starting HTTP/1.1 GET http://localhost:51441/api/cities/9/pointsofinterest  
2017-08-18 10:31:14.0461|INFO|Microsoft.AspNetCore.Mvc.Internal.ControllerActionInvoker|Executing action method CityInfo.API.Controllers.PointsOfInterestController.GetPointsOfInterest (CityInfo.API) with arguments (9) - ModelState is Valid
2017-08-18 10:31:14.0774|INFO|CityInfo.API.Controllers.PointsOfInterestController|Invalid city id 9 passed to GetPointOfInterest.
2017-08-18 10:31:14.0897|INFO|Microsoft.AspNetCore.Mvc.StatusCodeResult|Executing HttpStatusCodeResult, setting HTTP status code 404
2017-08-18 10:31:14.1475|INFO|Microsoft.AspNetCore.Mvc.Internal.ControllerActionInvoker|Executed action CityInfo.API.Controllers.PointsOfInterestController.GetPointsOfInterest (CityInfo.API) in 129.4522ms
2017-08-18 10:31:14.1586|INFO|Microsoft.AspNetCore.Hosting.Internal.WebHost|Request finished in 426.8256ms 404 text/plain
2017-08-18 10:31:43.8506|INFO|Microsoft.AspNetCore.Hosting.Internal.WebHost|Request starting HTTP/1.1 GET http://localhost:51441/api/cities/9/pointsofinterest  
2017-08-18 10:31:43.8778|INFO|Microsoft.AspNetCore.Mvc.Internal.ControllerActionInvoker|Executing action method CityInfo.API.Controllers.PointsOfInterestController.GetPointsOfInterest (CityInfo.API) with arguments (9) - ModelState is Valid
2017-08-18 10:31:48.6555|INFO|CityInfo.API.Controllers.PointsOfInterestController|Invalid city id 9 passed to GetPointOfInterest.
2017-08-18 10:31:50.5419|INFO|Microsoft.AspNetCore.Mvc.StatusCodeResult|Executing HttpStatusCodeResult, setting HTTP status code 404
2017-08-18 10:31:50.5673|INFO|Microsoft.AspNetCore.Mvc.Internal.ControllerActionInvoker|Executed action CityInfo.API.Controllers.PointsOfInterestController.GetPointsOfInterest (CityInfo.API) in 6689.9961ms
2017-08-18 10:31:50.5935|INFO|Microsoft.AspNetCore.Hosting.Internal.WebHost|Request finished in 6743.1898ms 404 text/plain
2017-08-18 10:45:31.6456|INFO|Microsoft.AspNetCore.Hosting.Internal.WebHost|Request starting HTTP/1.1 DELETE http://localhost:51441/api/cities/1/pointsofinterest/1  0
2017-08-18 10:45:31.9179|INFO|Microsoft.AspNetCore.Mvc.Internal.ControllerActionInvoker|Executing action method CityInfo.API.Controllers.PointsOfInterestController.DeletePointOfInterest (CityInfo.API) with arguments (1, 1) - ModelState is Valid
2017-08-18 10:46:13.1095|WARN|Microsoft.AspNetCore.Server.Kestrel|Heartbeat took longer than "00:00:01" at "08/18/2017 17:46:00 +00:00".
2017-08-18 10:46:13.1383|INFO|Microsoft.AspNetCore.Mvc.StatusCodeResult|Executing HttpStatusCodeResult, setting HTTP status code 204
2017-08-18 10:46:13.1754|INFO|Microsoft.AspNetCore.Mvc.Internal.ControllerActionInvoker|Executed action CityInfo.API.Controllers.PointsOfInterestController.DeletePointOfInterest (CityInfo.API) in 41264.3081ms
2017-08-18 10:46:13.1881|INFO|Microsoft.AspNetCore.Hosting.Internal.WebHost|Request finished in 41590.7299ms 204 
2017-08-18 11:08:27.3926|INFO|Microsoft.AspNetCore.Hosting.Internal.WebHost|Request starting HTTP/1.1 DELETE http://localhost:51441/api/cities/1/pointsofinterest/1  0
2017-08-18 11:08:27.6798|INFO|Microsoft.AspNetCore.Mvc.Internal.ControllerActionInvoker|Executing action method CityInfo.API.Controllers.PointsOfInterestController.DeletePointOfInterest (CityInfo.API) with arguments (1, 1) - ModelState is Valid
2017-08-18 11:08:46.2185|WARN|Microsoft.AspNetCore.Server.Kestrel|Heartbeat took longer than "00:00:01" at "08/18/2017 18:08:36 +00:00".
2017-08-18 11:08:46.2496|INFO|Microsoft.AspNetCore.Mvc.StatusCodeResult|Executing HttpStatusCodeResult, setting HTTP status code 204
2017-08-18 11:08:46.2843|INFO|Microsoft.AspNetCore.Mvc.Internal.ControllerActionInvoker|Executed action CityInfo.API.Controllers.PointsOfInterestController.DeletePointOfInterest (CityInfo.API) in 18646.703ms
2017-08-18 11:08:46.3168|INFO|Microsoft.AspNetCore.Hosting.Internal.WebHost|Request finished in 18951.0122ms 204 
2017-08-18 11:40:47.4949|INFO|Microsoft.AspNetCore.Hosting.Internal.WebHost|Request starting HTTP/1.1 DELETE http://localhost:51441/api/cities/1/pointsofinterest/1  0
2017-08-18 11:40:47.8130|INFO|Microsoft.AspNetCore.Mvc.Internal.ControllerActionInvoker|Executing action method CityInfo.API.Controllers.PointsOfInterestController.DeletePointOfInterest (CityInfo.API) with arguments (1, 1) - ModelState is Valid
2017-08-18 11:40:47.8623|INFO|Microsoft.AspNetCore.Mvc.StatusCodeResult|Executing HttpStatusCodeResult, setting HTTP status code 204
2017-08-18 11:40:47.8939|INFO|Microsoft.AspNetCore.Mvc.Internal.ControllerActionInvoker|Executed action CityInfo.API.Controllers.PointsOfInterestController.DeletePointOfInterest (CityInfo.API) in 118.0829ms
2017-08-18 11:40:47.9245|INFO|Microsoft.AspNetCore.Hosting.Internal.WebHost|Request finished in 456.7395ms 204 
2017-08-18 11:41:49.0729|INFO|Microsoft.AspNetCore.Hosting.Internal.WebHost|Request starting HTTP/1.1 DELETE http://localhost:51441/api/cities/1/pointsofinterest/1  0
2017-08-18 11:41:49.3478|INFO|Microsoft.AspNetCore.Mvc.Internal.ControllerActionInvoker|Executing action method CityInfo.API.Controllers.PointsOfInterestController.DeletePointOfInterest (CityInfo.API) with arguments (1, 1) - ModelState is Valid
2017-08-18 11:41:49.3902|INFO|Microsoft.AspNetCore.Mvc.StatusCodeResult|Executing HttpStatusCodeResult, setting HTTP status code 204
2017-08-18 11:41:49.4257|INFO|Microsoft.AspNetCore.Mvc.Internal.ControllerActionInvoker|Executed action CityInfo.API.Controllers.PointsOfInterestController.DeletePointOfInterest (CityInfo.API) in 111.3906ms
2017-08-18 11:41:49.4558|INFO|Microsoft.AspNetCore.Hosting.Internal.WebHost|Request finished in 408.5684ms 204 
2017-08-18 11:42:53.0969|INFO|Microsoft.AspNetCore.Hosting.Internal.WebHost|Request starting HTTP/1.1 DELETE http://localhost:51441/api/cities/1/pointsofinterest/1  0
2017-08-18 11:42:53.3652|INFO|Microsoft.AspNetCore.Mvc.Internal.ControllerActionInvoker|Executing action method CityInfo.API.Controllers.PointsOfInterestController.DeletePointOfInterest (CityInfo.API) with arguments (1, 1) - ModelState is Valid
2017-08-18 11:42:53.4094|INFO|Microsoft.AspNetCore.Mvc.StatusCodeResult|Executing HttpStatusCodeResult, setting HTTP status code 204
2017-08-18 11:42:53.4410|INFO|Microsoft.AspNetCore.Mvc.Internal.ControllerActionInvoker|Executed action CityInfo.API.Controllers.PointsOfInterestController.DeletePointOfInterest (CityInfo.API) in 101.6358ms
2017-08-18 11:42:53.4716|INFO|Microsoft.AspNetCore.Hosting.Internal.WebHost|Request finished in 397.6767ms 204 
2017-08-18 11:53:17.1325|INFO|Microsoft.AspNetCore.Hosting.Internal.WebHost|Request starting HTTP/1.1 DELETE http://localhost:51441/api/cities/1/pointsofinterest/1  0
2017-08-18 11:53:17.4118|INFO|Microsoft.AspNetCore.Mvc.Internal.ControllerActionInvoker|Executing action method CityInfo.API.Controllers.PointsOfInterestController.DeletePointOfInterest (CityInfo.API) with arguments (1, 1) - ModelState is Valid
2017-08-18 11:53:17.4584|INFO|Microsoft.AspNetCore.Mvc.StatusCodeResult|Executing HttpStatusCodeResult, setting HTTP status code 204
2017-08-18 11:53:17.4894|INFO|Microsoft.AspNetCore.Mvc.Internal.ControllerActionInvoker|Executed action CityInfo.API.Controllers.PointsOfInterestController.DeletePointOfInterest (CityInfo.API) in 106.1811ms
2017-08-18 11:53:17.5204|INFO|Microsoft.AspNetCore.Hosting.Internal.WebHost|Request finished in 415.0772ms 204 
2017-08-18 11:54:55.7004|INFO|Microsoft.AspNetCore.Hosting.Internal.WebHost|Request starting HTTP/1.1 DELETE http://localhost:51441/api/cities/1/pointsofinterest/1  0
2017-08-18 11:54:55.9904|INFO|Microsoft.AspNetCore.Mvc.Internal.ControllerActionInvoker|Executing action method CityInfo.API.Controllers.PointsOfInterestController.DeletePointOfInterest (CityInfo.API) with arguments (1, 1) - ModelState is Valid
2017-08-18 11:54:56.0351|INFO|Microsoft.AspNetCore.Mvc.StatusCodeResult|Executing HttpStatusCodeResult, setting HTTP status code 204
2017-08-18 11:54:56.0664|INFO|Microsoft.AspNetCore.Mvc.Internal.ControllerActionInvoker|Executed action CityInfo.API.Controllers.PointsOfInterestController.DeletePointOfInterest (CityInfo.API) in 107.5242ms
2017-08-18 11:54:56.0832|INFO|Microsoft.AspNetCore.Hosting.Internal.WebHost|Request finished in 429.1122ms 204 
